<?xml version="1.0" encoding="UTF-8"?>
<testsuite xmlns:xsi="http://www.w3.org/2001/XMLSchema-instance" xsi:noNamespaceSchemaLocation="https://maven.apache.org/surefire/maven-surefire-plugin/xsd/surefire-test-report.xsd" name="TestSuite" time="1.072" tests="2" errors="0" skipped="0" failures="2">
  <properties>
[...]
</properties>
  <testcase name="runScenario" classname="com.authmind.cucumber.testrunners.TestRunner_UI" time="0.105">
    <failure message="Could not create a cucumber expression for &apos;user creats playbook {*.*} for shadow access from excel&apos;.&#10;It appears you did not register parameter type. The details are in the stacktrace below.&#10;You can find the documentation here: https://docs.cucumber.io/cucumber/cucumber-expressions/" type="cucumber.runtime.CucumberException">cucumber.runtime.CucumberException: 
Could not create a cucumber expression for 'user creats playbook {*.*} for shadow access from excel'.
It appears you did not register parameter type. The details are in the stacktrace below.
You can find the documentation here: https://docs.cucumber.io/cucumber/cucumber-expressions/
Caused by: io.cucumber.cucumberexpressions.UndefinedParameterTypeException: 
This Cucumber Expression has a problem at column 22:

user creats playbook {*.*} for shadow access from excel
                     ^---^
Undefined parameter type '*.*'.
Please register a ParameterType for '*.*'
</failure>
    <system-out><![CDATA[[TestNGContentHandler] [WARN] It is strongly recommended to add "<!DOCTYPE suite SYSTEM "http://testng.org/testng-1.0.dtd" >" at the top of your file, otherwise TestNG may fail or not work as expected.
[TestListener] [WARN] runScenario Test Step Failed !
]]></system-out>
  </testcase>
  <testcase name="runScenario" classname="com.authmind.cucumber.testrunners.TestRunner_UI" time="0.005">
    <failure message="Could not create a cucumber expression for &apos;user creats playbook {*.*} for shadow access from excel&apos;.&#10;It appears you did not register parameter type. The details are in the stacktrace below.&#10;You can find the documentation here: https://docs.cucumber.io/cucumber/cucumber-expressions/" type="cucumber.runtime.CucumberException">cucumber.runtime.CucumberException: 
Could not create a cucumber expression for 'user creats playbook {*.*} for shadow access from excel'.
It appears you did not register parameter type. The details are in the stacktrace below.
You can find the documentation here: https://docs.cucumber.io/cucumber/cucumber-expressions/
Caused by: io.cucumber.cucumberexpressions.UndefinedParameterTypeException: 
This Cucumber Expression has a problem at column 22:

user creats playbook {*.*} for shadow access from excel
                     ^---^
Undefined parameter type '*.*'.
Please register a ParameterType for '*.*'
</failure>
    <system-out><![CDATA[[TestListener] [WARN] runScenario Test Step Failed !
]]></system-out>
  </testcase>
</testsuite>